c:\users\user1\desktop\studies\c++\i_know_c++_h.w\משלוח מנות\mishloachmanot\mishloachmanot\x64\debug\vc143.pdb
c:\users\user1\desktop\studies\c++\i_know_c++_h.w\משלוח מנות\mishloachmanot\mishloachmanot\x64\debug\vc143.idb
c:\users\user1\desktop\studies\c++\i_know_c++_h.w\משלוח מנות\mishloachmanot\mishloachmanot\x64\debug\product.obj
c:\users\user1\desktop\studies\c++\i_know_c++_h.w\משלוח מנות\mishloachmanot\mishloachmanot\x64\debug\mishloachmanot.obj
c:\users\user1\desktop\studies\c++\i_know_c++_h.w\משלוח מנות\mishloachmanot\mishloachmanot\x64\debug\mishloach.obj
c:\users\user1\desktop\studies\c++\i_know_c++_h.w\משלוח מנות\mishloachmanot\mishloachmanot\x64\debug\gift.obj
c:\users\user1\desktop\studies\c++\i_know_c++_h.w\משלוח מנות\mishloachmanot\mishloachmanot\x64\debug\address.obj
c:\users\user1\desktop\studies\c++\i_know_c++_h.w\משלוח מנות\mishloachmanot\x64\debug\mishloachmanot.pdb
c:\users\user1\desktop\studies\c++\i_know_c++_h.w\משלוח מנות\mishloachmanot\mishloachmanot\x64\debug\mishloachmanot.tlog\cl.command.1.tlog
c:\users\user1\desktop\studies\c++\i_know_c++_h.w\משלוח מנות\mishloachmanot\mishloachmanot\x64\debug\mishloachmanot.tlog\cl.read.1.tlog
c:\users\user1\desktop\studies\c++\i_know_c++_h.w\משלוח מנות\mishloachmanot\mishloachmanot\x64\debug\mishloachmanot.tlog\cl.write.1.tlog
c:\users\user1\desktop\studies\c++\i_know_c++_h.w\משלוח מנות\mishloachmanot\mishloachmanot\x64\debug\mishloachmanot.tlog\link-cvtres.read.1.tlog
c:\users\user1\desktop\studies\c++\i_know_c++_h.w\משלוח מנות\mishloachmanot\mishloachmanot\x64\debug\mishloachmanot.tlog\link-cvtres.write.1.tlog
c:\users\user1\desktop\studies\c++\i_know_c++_h.w\משלוח מנות\mishloachmanot\mishloachmanot\x64\debug\mishloachmanot.tlog\link-rc.read.1.tlog
c:\users\user1\desktop\studies\c++\i_know_c++_h.w\משלוח מנות\mishloachmanot\mishloachmanot\x64\debug\mishloachmanot.tlog\link-rc.write.1.tlog
c:\users\user1\desktop\studies\c++\i_know_c++_h.w\משלוח מנות\mishloachmanot\mishloachmanot\x64\debug\mishloachmanot.tlog\link.command.1.tlog
c:\users\user1\desktop\studies\c++\i_know_c++_h.w\משלוח מנות\mishloachmanot\mishloachmanot\x64\debug\mishloachmanot.tlog\link.read.1.tlog
c:\users\user1\desktop\studies\c++\i_know_c++_h.w\משלוח מנות\mishloachmanot\mishloachmanot\x64\debug\mishloachmanot.tlog\link.read.2.tlog
c:\users\user1\desktop\studies\c++\i_know_c++_h.w\משלוח מנות\mishloachmanot\mishloachmanot\x64\debug\mishloachmanot.tlog\link.read.3.tlog
c:\users\user1\desktop\studies\c++\i_know_c++_h.w\משלוח מנות\mishloachmanot\mishloachmanot\x64\debug\mishloachmanot.tlog\link.read.4.tlog
c:\users\user1\desktop\studies\c++\i_know_c++_h.w\משלוח מנות\mishloachmanot\mishloachmanot\x64\debug\mishloachmanot.tlog\link.write.1.tlog
